<?xml version="1.0" encoding="UTF-8"?>
<testng-results ignored="0" total="1" passed="1" failed="0" skipped="0">
  <reporter-output>
  </reporter-output>
  <suite started-at="2021-10-24T14:46:28Z" name="Bank Guru" finished-at="2021-10-24T14:46:45Z" duration-ms="16585">
    <groups>
    </groups>
    <test started-at="2021-10-24T14:46:28Z" name="Run On Firefox" finished-at="2021-10-24T14:46:45Z" duration-ms="16585">
      <class name="com.bankguru.payment.Level_21_Multi_Enviroment">
        <test-method is-config="true" signature="deleteAllFilesInReportNGScreenShot()[pri:0, instance:com.bankguru.payment.Level_21_Multi_Enviroment@1f51431]" started-at="2021-10-24T14:46:28Z" name="deleteAllFilesInReportNGScreenShot" finished-at="2021-10-24T14:46:28Z" duration-ms="52" status="PASS">
          <reporter-output>
          </reporter-output>
        </test-method> <!-- deleteAllFilesInReportNGScreenShot -->
        <test-method is-config="true" signature="initBrowser(java.lang.String)[pri:0, instance:com.bankguru.payment.Level_21_Multi_Enviroment@1f51431]" started-at="2021-10-24T14:46:28Z" name="initBrowser" finished-at="2021-10-24T14:46:43Z" duration-ms="14570" status="PASS">
          <params>
            <param index="0">
              <value>
                <![CDATA[firefox]]>
              </value>
            </param>
          </params>
          <reporter-output>
          </reporter-output>
        </test-method> <!-- initBrowser -->
        <test-method signature="Employee_01_Add_New_Employee()[pri:0, instance:com.bankguru.payment.Level_21_Multi_Enviroment@1f51431]" started-at="2021-10-24T14:46:43Z" name="Employee_01_Add_New_Employee" finished-at="2021-10-24T14:46:43Z" duration-ms="148" status="PASS">
          <reporter-output>
          </reporter-output>
        </test-method> <!-- Employee_01_Add_New_Employee -->
        <test-method is-config="true" signature="quiteBrowser()[pri:0, instance:com.bankguru.payment.Level_21_Multi_Enviroment@1f51431]" started-at="2021-10-24T14:46:43Z" name="quiteBrowser" finished-at="2021-10-24T14:46:45Z" duration-ms="1432" status="PASS">
          <reporter-output>
          </reporter-output>
        </test-method> <!-- quiteBrowser -->
      </class> <!-- com.bankguru.payment.Level_21_Multi_Enviroment -->
    </test> <!-- Run On Firefox -->
  </suite> <!-- Bank Guru -->
</testng-results>
