<?xml version="1.0" encoding="UTF-8"?>
<!-- Generated by org.testng.reporters.JUnitXMLReporter -->
<testsuite ignored="0" hostname="phamvanhai" failures="1" tests="1" name="Run On Chrome" time="34.264" errors="0" timestamp="15 Oct 2021 15:49:53 GMT">
  <testcase classname="com.hrm.employee.Level_16_Live_Coding" name="Employee_01_Add_New_Employees" time="16.917">
    <failure type="java.lang.AssertionError" message="expected [0261] but found [0260]">
      <![CDATA[java.lang.AssertionError: expected [0261] but found [0260]
at commons.BaseTest.checkEquals(BaseTest.java:233)
at commons.BaseTest.verifyEquals(BaseTest.java:245)
at com.hrm.employee.Level_16_Live_Coding.Employee_01_Add_New_Employees(Level_16_Live_Coding.java:202)
... Removed 30 stack frames]]>
    </failure>
  </testcase> <!-- Employee_01_Add_New_Employees -->
</testsuite> <!-- Run On Chrome -->
